<?xml version="1.0" encoding="UTF-8"?>
<!-- Generated by org.testng.reporters.JUnitReportReporter -->
<testsuite hostname="LAPTOP-F0EEA8IO" failures="0" tests="1" name="com.testautomation.apitesting.tests.GetAPIRequest" time="2.924" errors="0" timestamp="2024-01-06T12:34:42 MEZ" skipped="0">
  <testcase classname="com.testautomation.apitesting.tests.GetAPIRequest" name="getAllBookinkgs" time="2.924"/>
  <system-out/>
</testsuite> <!-- com.testautomation.apitesting.tests.GetAPIRequest -->
