<?xml version="1.0" encoding="UTF-8"?>
<!-- Generated by org.testng.reporters.JUnitReportReporter -->
<testsuite hostname="LAPTOP-F0EEA8IO" failures="0" tests="1" name="com.testautomation.apitesting.tests.EndToEndTest" time="7.497" errors="0" timestamp="2024-01-08T18:26:12 MEZ" skipped="0">
  <testcase classname="com.testautomation.apitesting.tests.EndToEndTest" name="e2eApiRequest" time="7.497"/>
  <system-out/>
</testsuite> <!-- com.testautomation.apitesting.tests.EndToEndTest -->
