<?xml version="1.0" encoding="UTF-8"?>
<!-- Generated by org.testng.reporters.JUnitReportReporter -->
<testsuite hostname="LAPTOP-F0EEA8IO" failures="0" tests="1" name="com.testautomation.apitesting.tests.PostAPIRequestUsingFile" time="4.813" errors="0" timestamp="2024-01-06T20:25:07 MEZ" skipped="0">
  <testcase classname="com.testautomation.apitesting.tests.PostAPIRequestUsingFile" name="postApiRequest" time="4.813"/>
  <system-out/>
</testsuite> <!-- com.testautomation.apitesting.tests.PostAPIRequestUsingFile -->
