<?xml version="1.0" encoding="UTF-8"?>
<!-- Generated by org.testng.reporters.JUnitReportReporter -->
<testsuite hostname="LAPTOP-F0EEA8IO" failures="0" tests="1" name="com.testautomation.apitesting.tests.PostApiRequestUsingPojos" time="6.425" errors="0" timestamp="2024-01-07T15:58:43 MEZ" skipped="0">
  <testcase classname="com.testautomation.apitesting.tests.PostApiRequestUsingPojos" name="postApiRequest" time="6.425"/>
  <system-out/>
</testsuite> <!-- com.testautomation.apitesting.tests.PostApiRequestUsingPojos -->
