<?xml version="1.0" encoding="UTF-8"?>
<!-- Generated by org.testng.reporters.JUnitReportReporter -->
<testsuite hostname="LAPTOP-F0EEA8IO" failures="0" tests="1" name="com.testautomation.apitesting.tests.PutApiRequest" time="7.620" errors="0" timestamp="2024-01-07T20:49:44 MEZ" skipped="0">
  <testcase classname="com.testautomation.apitesting.tests.PutApiRequest" name="postApiRequest" time="7.620"/>
  <system-out/>
</testsuite> <!-- com.testautomation.apitesting.tests.PutApiRequest -->
