<?xml version="1.0" encoding="UTF-8"?>
<!-- Generated by org.testng.reporters.JUnitReportReporter -->
<testsuite hostname="LAPTOP-F0EEA8IO" failures="0" tests="1" name="com.testautomation.apitesting.tests.PostApiRequest" time="6.327" errors="0" timestamp="2024-01-06T14:56:30 MEZ" skipped="0">
  <testcase classname="com.testautomation.apitesting.tests.PostApiRequest" name="createBooking" time="6.327"/>
  <system-out/>
</testsuite> <!-- com.testautomation.apitesting.tests.PostApiRequest -->
